<?xml version="1.0" encoding="UTF-8"?>
<testng-results skipped="0" failed="1" ignored="0" total="6" passed="5">
  <reporter-output>
  </reporter-output>
  <suite name="Amazon E-Commerce" duration-ms="152754" started-at="2017-01-31T21:28:19Z" finished-at="2017-01-31T21:30:52Z">
    <groups>
    </groups>
    <test name="Amazon Search" duration-ms="152754" started-at="2017-01-31T21:28:19Z" finished-at="2017-01-31T21:30:52Z">
      <class name="SearchItems.DropDownMenuSearch">
        <test-method status="PASS" signature="setUp(boolean, java.lang.String, java.lang.String, java.lang.String, java.lang.String, java.lang.String, java.lang.String)[pri:0, instance:SearchItems.DropDownMenuSearch@3f3afe78]" name="setUp" is-config="true" duration-ms="6259" started-at="2017-01-31T16:30:21Z" finished-at="2017-01-31T16:30:28Z">
          <params>
            <param index="0">
              <value>
                <![CDATA[false]]>
              </value>
            </param>
            <param index="1">
              <value>
                <![CDATA[rahmanww]]>
              </value>
            </param>
            <param index="2">
              <value>
                <![CDATA[6f132866-de72-43fd-b49a-e6f81d26bfe3]]>
              </value>
            </param>
            <param index="3">
              <value>
                <![CDATA[Win]]>
              </value>
            </param>
            <param index="4">
              <value>
                <![CDATA[chrome]]>
              </value>
            </param>
            <param index="5">
              <value>
                <![CDATA[49.0]]>
              </value>
            </param>
            <param index="6">
              <value>
                <![CDATA[http://www.amazon.com]]>
              </value>
            </param>
          </params>
          <reporter-output>
          </reporter-output>
        </test-method> <!-- setUp -->
        <test-method status="PASS" signature="dropDownMenu()[pri:0, instance:SearchItems.DropDownMenuSearch@3f3afe78]" name="dropDownMenu" duration-ms="23356" started-at="2017-01-31T16:30:28Z" finished-at="2017-01-31T16:30:51Z">
          <reporter-output>
          </reporter-output>
        </test-method> <!-- dropDownMenu -->
        <test-method status="PASS" signature="tearDown()[pri:0, instance:SearchItems.DropDownMenuSearch@3f3afe78]" name="tearDown" is-config="true" duration-ms="935" started-at="2017-01-31T16:30:51Z" finished-at="2017-01-31T16:30:52Z">
          <reporter-output>
          </reporter-output>
        </test-method> <!-- tearDown -->
      </class> <!-- SearchItems.DropDownMenuSearch -->
      <class name="SearchItems.SearchItemsByDataProvider">
        <test-method status="PASS" signature="setUp(boolean, java.lang.String, java.lang.String, java.lang.String, java.lang.String, java.lang.String, java.lang.String)[pri:0, instance:SearchItems.SearchItemsByDataProvider@880ec60]" name="setUp" is-config="true" duration-ms="6528" started-at="2017-01-31T16:29:24Z" finished-at="2017-01-31T16:29:31Z">
          <params>
            <param index="0">
              <value>
                <![CDATA[false]]>
              </value>
            </param>
            <param index="1">
              <value>
                <![CDATA[rahmanww]]>
              </value>
            </param>
            <param index="2">
              <value>
                <![CDATA[6f132866-de72-43fd-b49a-e6f81d26bfe3]]>
              </value>
            </param>
            <param index="3">
              <value>
                <![CDATA[Win]]>
              </value>
            </param>
            <param index="4">
              <value>
                <![CDATA[chrome]]>
              </value>
            </param>
            <param index="5">
              <value>
                <![CDATA[49.0]]>
              </value>
            </param>
            <param index="6">
              <value>
                <![CDATA[http://www.amazon.com]]>
              </value>
            </param>
          </params>
          <reporter-output>
          </reporter-output>
        </test-method> <!-- setUp -->
        <test-method status="PASS" signature="searchUsingDataProvider(java.lang.String)[pri:0, instance:SearchItems.SearchItemsByDataProvider@880ec60]" name="searchUsingDataProvider" duration-ms="4342" started-at="2017-01-31T16:29:31Z" data-provider="items" finished-at="2017-01-31T16:29:35Z">
          <params>
            <param index="0">
              <value>
                <![CDATA[Books]]>
              </value>
            </param>
          </params>
          <reporter-output>
          </reporter-output>
        </test-method> <!-- searchUsingDataProvider -->
        <test-method status="PASS" signature="tearDown()[pri:0, instance:SearchItems.SearchItemsByDataProvider@880ec60]" name="tearDown" is-config="true" duration-ms="908" started-at="2017-01-31T16:29:35Z" finished-at="2017-01-31T16:29:36Z">
          <reporter-output>
          </reporter-output>
        </test-method> <!-- tearDown -->
        <test-method status="PASS" signature="setUp(boolean, java.lang.String, java.lang.String, java.lang.String, java.lang.String, java.lang.String, java.lang.String)[pri:0, instance:SearchItems.SearchItemsByDataProvider@880ec60]" name="setUp" is-config="true" duration-ms="9454" started-at="2017-01-31T16:29:36Z" finished-at="2017-01-31T16:29:45Z">
          <params>
            <param index="0">
              <value>
                <![CDATA[false]]>
              </value>
            </param>
            <param index="1">
              <value>
                <![CDATA[rahmanww]]>
              </value>
            </param>
            <param index="2">
              <value>
                <![CDATA[6f132866-de72-43fd-b49a-e6f81d26bfe3]]>
              </value>
            </param>
            <param index="3">
              <value>
                <![CDATA[Win]]>
              </value>
            </param>
            <param index="4">
              <value>
                <![CDATA[chrome]]>
              </value>
            </param>
            <param index="5">
              <value>
                <![CDATA[49.0]]>
              </value>
            </param>
            <param index="6">
              <value>
                <![CDATA[http://www.amazon.com]]>
              </value>
            </param>
          </params>
          <reporter-output>
          </reporter-output>
        </test-method> <!-- setUp -->
        <test-method status="PASS" signature="searchUsingDataProvider(java.lang.String)[pri:0, instance:SearchItems.SearchItemsByDataProvider@880ec60]" name="searchUsingDataProvider" duration-ms="8897" started-at="2017-01-31T16:29:45Z" data-provider="items" finished-at="2017-01-31T16:29:54Z">
          <params>
            <param index="0">
              <value>
                <![CDATA[Baby]]>
              </value>
            </param>
          </params>
          <reporter-output>
          </reporter-output>
        </test-method> <!-- searchUsingDataProvider -->
        <test-method status="PASS" signature="tearDown()[pri:0, instance:SearchItems.SearchItemsByDataProvider@880ec60]" name="tearDown" is-config="true" duration-ms="933" started-at="2017-01-31T16:29:54Z" finished-at="2017-01-31T16:29:55Z">
          <reporter-output>
          </reporter-output>
        </test-method> <!-- tearDown -->
        <test-method status="PASS" signature="setUp(boolean, java.lang.String, java.lang.String, java.lang.String, java.lang.String, java.lang.String, java.lang.String)[pri:0, instance:SearchItems.SearchItemsByDataProvider@880ec60]" name="setUp" is-config="true" duration-ms="7830" started-at="2017-01-31T16:29:55Z" finished-at="2017-01-31T16:30:03Z">
          <params>
            <param index="0">
              <value>
                <![CDATA[false]]>
              </value>
            </param>
            <param index="1">
              <value>
                <![CDATA[rahmanww]]>
              </value>
            </param>
            <param index="2">
              <value>
                <![CDATA[6f132866-de72-43fd-b49a-e6f81d26bfe3]]>
              </value>
            </param>
            <param index="3">
              <value>
                <![CDATA[Win]]>
              </value>
            </param>
            <param index="4">
              <value>
                <![CDATA[chrome]]>
              </value>
            </param>
            <param index="5">
              <value>
                <![CDATA[49.0]]>
              </value>
            </param>
            <param index="6">
              <value>
                <![CDATA[http://www.amazon.com]]>
              </value>
            </param>
          </params>
          <reporter-output>
          </reporter-output>
        </test-method> <!-- setUp -->
        <test-method status="PASS" signature="searchUsingDataProvider(java.lang.String)[pri:0, instance:SearchItems.SearchItemsByDataProvider@880ec60]" name="searchUsingDataProvider" duration-ms="17532" started-at="2017-01-31T16:30:03Z" data-provider="items" finished-at="2017-01-31T16:30:20Z">
          <params>
            <param index="0">
              <value>
                <![CDATA[Computer]]>
              </value>
            </param>
          </params>
          <reporter-output>
          </reporter-output>
        </test-method> <!-- searchUsingDataProvider -->
        <test-method status="PASS" signature="tearDown()[pri:0, instance:SearchItems.SearchItemsByDataProvider@880ec60]" name="tearDown" is-config="true" duration-ms="943" started-at="2017-01-31T16:30:20Z" finished-at="2017-01-31T16:30:21Z">
          <reporter-output>
          </reporter-output>
        </test-method> <!-- tearDown -->
      </class> <!-- SearchItems.SearchItemsByDataProvider -->
      <class name="SearchItems.SearchItemsByExcel">
        <test-method status="PASS" signature="setUp(boolean, java.lang.String, java.lang.String, java.lang.String, java.lang.String, java.lang.String, java.lang.String)[pri:0, instance:SearchItems.SearchItemsByExcel@34ce8af7]" name="setUp" is-config="true" duration-ms="13589" started-at="2017-01-31T16:28:19Z" finished-at="2017-01-31T16:28:33Z">
          <params>
            <param index="0">
              <value>
                <![CDATA[false]]>
              </value>
            </param>
            <param index="1">
              <value>
                <![CDATA[rahmanww]]>
              </value>
            </param>
            <param index="2">
              <value>
                <![CDATA[6f132866-de72-43fd-b49a-e6f81d26bfe3]]>
              </value>
            </param>
            <param index="3">
              <value>
                <![CDATA[Win]]>
              </value>
            </param>
            <param index="4">
              <value>
                <![CDATA[chrome]]>
              </value>
            </param>
            <param index="5">
              <value>
                <![CDATA[49.0]]>
              </value>
            </param>
            <param index="6">
              <value>
                <![CDATA[http://www.amazon.com]]>
              </value>
            </param>
          </params>
          <reporter-output>
          </reporter-output>
        </test-method> <!-- setUp -->
        <test-method status="PASS" signature="search()[pri:0, instance:SearchItems.SearchItemsByExcel@34ce8af7]" name="search" duration-ms="39332" started-at="2017-01-31T16:28:33Z" finished-at="2017-01-31T16:29:12Z">
          <reporter-output>
          </reporter-output>
        </test-method> <!-- search -->
        <test-method status="PASS" signature="tearDown()[pri:0, instance:SearchItems.SearchItemsByExcel@34ce8af7]" name="tearDown" is-config="true" duration-ms="2462" started-at="2017-01-31T16:29:12Z" finished-at="2017-01-31T16:29:15Z">
          <reporter-output>
          </reporter-output>
        </test-method> <!-- tearDown -->
      </class> <!-- SearchItems.SearchItemsByExcel -->
      <class name="SearchItems.SearchItemsByDatabase">
        <test-method status="PASS" signature="setUp(boolean, java.lang.String, java.lang.String, java.lang.String, java.lang.String, java.lang.String, java.lang.String)[pri:0, instance:SearchItems.SearchItemsByDatabase@b684286]" name="setUp" is-config="true" duration-ms="8384" started-at="2017-01-31T16:29:15Z" finished-at="2017-01-31T16:29:23Z">
          <params>
            <param index="0">
              <value>
                <![CDATA[false]]>
              </value>
            </param>
            <param index="1">
              <value>
                <![CDATA[rahmanww]]>
              </value>
            </param>
            <param index="2">
              <value>
                <![CDATA[6f132866-de72-43fd-b49a-e6f81d26bfe3]]>
              </value>
            </param>
            <param index="3">
              <value>
                <![CDATA[Win]]>
              </value>
            </param>
            <param index="4">
              <value>
                <![CDATA[chrome]]>
              </value>
            </param>
            <param index="5">
              <value>
                <![CDATA[49.0]]>
              </value>
            </param>
            <param index="6">
              <value>
                <![CDATA[http://www.amazon.com]]>
              </value>
            </param>
          </params>
          <reporter-output>
          </reporter-output>
        </test-method> <!-- setUp -->
        <test-method status="FAIL" signature="searchUsingDB()[pri:0, instance:SearchItems.SearchItemsByDatabase@b684286]" name="searchUsingDB" duration-ms="71" started-at="2017-01-31T16:29:23Z" finished-at="2017-01-31T16:29:23Z">
          <exception class="java.io.FileNotFoundException">
            <message>
              <![CDATA[src\MySql.properties (The system cannot find the file specified)]]>
            </message>
            <full-stacktrace>
              <![CDATA[java.io.FileNotFoundException: src\MySql.properties (The system cannot find the file specified)
	at java.io.FileInputStream.open0(Native Method)
	at java.io.FileInputStream.open(FileInputStream.java:195)
	at java.io.FileInputStream.<init>(FileInputStream.java:138)
	at java.io.FileInputStream.<init>(FileInputStream.java:93)
	at utility.ConnectDB.loadProperties(ConnectDB.java:31)
	at utility.ConnectDB.connectToDatabase(ConnectDB.java:39)
	at utility.ConnectDB.readDataBase(ConnectDB.java:85)
	at SearchItems.SearchItemsByDatabase.searchUsingDB(SearchItemsByDatabase.java:22)
	at sun.reflect.NativeMethodAccessorImpl.invoke0(Native Method)
	at sun.reflect.NativeMethodAccessorImpl.invoke(NativeMethodAccessorImpl.java:62)
	at sun.reflect.DelegatingMethodAccessorImpl.invoke(DelegatingMethodAccessorImpl.java:43)
	at java.lang.reflect.Method.invoke(Method.java:498)
	at org.testng.internal.MethodInvocationHelper.invokeMethod(MethodInvocationHelper.java:104)
	at org.testng.internal.Invoker.invokeMethod(Invoker.java:645)
	at org.testng.internal.Invoker.invokeTestMethod(Invoker.java:851)
	at org.testng.internal.Invoker.invokeTestMethods(Invoker.java:1177)
	at org.testng.internal.TestMethodWorker.invokeTestMethods(TestMethodWorker.java:129)
	at org.testng.internal.TestMethodWorker.run(TestMethodWorker.java:112)
	at org.testng.TestRunner.privateRun(TestRunner.java:756)
	at org.testng.TestRunner.run(TestRunner.java:610)
	at org.testng.SuiteRunner.runTest(SuiteRunner.java:387)
	at org.testng.SuiteRunner.access$000(SuiteRunner.java:39)
	at org.testng.SuiteRunner$SuiteWorker.run(SuiteRunner.java:421)
	at org.testng.internal.thread.ThreadUtil$2.call(ThreadUtil.java:64)
	at java.util.concurrent.FutureTask.run(FutureTask.java:266)
	at java.util.concurrent.ThreadPoolExecutor.runWorker(ThreadPoolExecutor.java:1142)
	at java.util.concurrent.ThreadPoolExecutor$Worker.run(ThreadPoolExecutor.java:617)
	at java.lang.Thread.run(Thread.java:745)
]]>
            </full-stacktrace>
          </exception> <!-- java.io.FileNotFoundException -->
          <reporter-output>
          </reporter-output>
        </test-method> <!-- searchUsingDB -->
        <test-method status="PASS" signature="tearDown()[pri:0, instance:SearchItems.SearchItemsByDatabase@b684286]" name="tearDown" is-config="true" duration-ms="949" started-at="2017-01-31T16:29:23Z" finished-at="2017-01-31T16:29:24Z">
          <reporter-output>
          </reporter-output>
        </test-method> <!-- tearDown -->
      </class> <!-- SearchItems.SearchItemsByDatabase -->
    </test> <!-- Amazon Search -->
  </suite> <!-- Amazon E-Commerce -->
</testng-results>
