<?xml version="1.0" encoding="UTF-8"?>
<testng-results skipped="0" failed="1" ignored="0" total="6" passed="5">
  <reporter-output>
  </reporter-output>
  <suite name="Amazon E-Commerce" duration-ms="173149" started-at="2017-02-23T17:48:13Z" finished-at="2017-02-23T17:51:06Z">
    <groups>
    </groups>
    <test name="Amazon Search" duration-ms="173149" started-at="2017-02-23T17:48:13Z" finished-at="2017-02-23T17:51:06Z">
      <class name="SearchItems.DropDownMenuSearch">
        <test-method status="PASS" signature="setUp(boolean, java.lang.String, java.lang.String, java.lang.String, java.lang.String, java.lang.String, java.lang.String)[pri:0, instance:SearchItems.DropDownMenuSearch@880ec60]" name="setUp" is-config="true" duration-ms="7485" started-at="2017-02-23T12:50:36Z" finished-at="2017-02-23T12:50:43Z">
          <params>
            <param index="0">
              <value>
                <![CDATA[false]]>
              </value>
            </param>
            <param index="1">
              <value>
                <![CDATA[rahmanww]]>
              </value>
            </param>
            <param index="2">
              <value>
                <![CDATA[6f132866-de72-43fd-b49a-e6f81d26bfe3]]>
              </value>
            </param>
            <param index="3">
              <value>
                <![CDATA[Win]]>
              </value>
            </param>
            <param index="4">
              <value>
                <![CDATA[chrome]]>
              </value>
            </param>
            <param index="5">
              <value>
                <![CDATA[49.0]]>
              </value>
            </param>
            <param index="6">
              <value>
                <![CDATA[http://www.amazon.com]]>
              </value>
            </param>
          </params>
          <reporter-output>
          </reporter-output>
        </test-method> <!-- setUp -->
        <test-method status="PASS" signature="dropDownMenu()[pri:0, instance:SearchItems.DropDownMenuSearch@880ec60]" name="dropDownMenu" duration-ms="21589" started-at="2017-02-23T12:50:43Z" finished-at="2017-02-23T12:51:05Z">
          <reporter-output>
          </reporter-output>
        </test-method> <!-- dropDownMenu -->
        <test-method status="PASS" signature="tearDown()[pri:0, instance:SearchItems.DropDownMenuSearch@880ec60]" name="tearDown" is-config="true" duration-ms="1518" started-at="2017-02-23T12:51:05Z" finished-at="2017-02-23T12:51:06Z">
          <reporter-output>
          </reporter-output>
        </test-method> <!-- tearDown -->
      </class> <!-- SearchItems.DropDownMenuSearch -->
      <class name="SearchItems.SearchItemsByDataProvider">
        <test-method status="PASS" signature="setUp(boolean, java.lang.String, java.lang.String, java.lang.String, java.lang.String, java.lang.String, java.lang.String)[pri:0, instance:SearchItems.SearchItemsByDataProvider@b684286]" name="setUp" is-config="true" duration-ms="8069" started-at="2017-02-23T12:49:36Z" finished-at="2017-02-23T12:49:44Z">
          <params>
            <param index="0">
              <value>
                <![CDATA[false]]>
              </value>
            </param>
            <param index="1">
              <value>
                <![CDATA[rahmanww]]>
              </value>
            </param>
            <param index="2">
              <value>
                <![CDATA[6f132866-de72-43fd-b49a-e6f81d26bfe3]]>
              </value>
            </param>
            <param index="3">
              <value>
                <![CDATA[Win]]>
              </value>
            </param>
            <param index="4">
              <value>
                <![CDATA[chrome]]>
              </value>
            </param>
            <param index="5">
              <value>
                <![CDATA[49.0]]>
              </value>
            </param>
            <param index="6">
              <value>
                <![CDATA[http://www.amazon.com]]>
              </value>
            </param>
          </params>
          <reporter-output>
          </reporter-output>
        </test-method> <!-- setUp -->
        <test-method status="PASS" signature="searchUsingDataProvider(java.lang.String)[pri:0, instance:SearchItems.SearchItemsByDataProvider@b684286]" name="searchUsingDataProvider" duration-ms="6918" started-at="2017-02-23T12:49:44Z" data-provider="items" finished-at="2017-02-23T12:49:51Z">
          <params>
            <param index="0">
              <value>
                <![CDATA[Books]]>
              </value>
            </param>
          </params>
          <reporter-output>
          </reporter-output>
        </test-method> <!-- searchUsingDataProvider -->
        <test-method status="PASS" signature="tearDown()[pri:0, instance:SearchItems.SearchItemsByDataProvider@b684286]" name="tearDown" is-config="true" duration-ms="1277" started-at="2017-02-23T12:49:51Z" finished-at="2017-02-23T12:49:52Z">
          <reporter-output>
          </reporter-output>
        </test-method> <!-- tearDown -->
        <test-method status="PASS" signature="setUp(boolean, java.lang.String, java.lang.String, java.lang.String, java.lang.String, java.lang.String, java.lang.String)[pri:0, instance:SearchItems.SearchItemsByDataProvider@b684286]" name="setUp" is-config="true" duration-ms="9759" started-at="2017-02-23T12:49:52Z" finished-at="2017-02-23T12:50:02Z">
          <params>
            <param index="0">
              <value>
                <![CDATA[false]]>
              </value>
            </param>
            <param index="1">
              <value>
                <![CDATA[rahmanww]]>
              </value>
            </param>
            <param index="2">
              <value>
                <![CDATA[6f132866-de72-43fd-b49a-e6f81d26bfe3]]>
              </value>
            </param>
            <param index="3">
              <value>
                <![CDATA[Win]]>
              </value>
            </param>
            <param index="4">
              <value>
                <![CDATA[chrome]]>
              </value>
            </param>
            <param index="5">
              <value>
                <![CDATA[49.0]]>
              </value>
            </param>
            <param index="6">
              <value>
                <![CDATA[http://www.amazon.com]]>
              </value>
            </param>
          </params>
          <reporter-output>
          </reporter-output>
        </test-method> <!-- setUp -->
        <test-method status="PASS" signature="searchUsingDataProvider(java.lang.String)[pri:0, instance:SearchItems.SearchItemsByDataProvider@b684286]" name="searchUsingDataProvider" duration-ms="9401" started-at="2017-02-23T12:50:02Z" data-provider="items" finished-at="2017-02-23T12:50:12Z">
          <params>
            <param index="0">
              <value>
                <![CDATA[Baby]]>
              </value>
            </param>
          </params>
          <reporter-output>
          </reporter-output>
        </test-method> <!-- searchUsingDataProvider -->
        <test-method status="PASS" signature="tearDown()[pri:0, instance:SearchItems.SearchItemsByDataProvider@b684286]" name="tearDown" is-config="true" duration-ms="1438" started-at="2017-02-23T12:50:12Z" finished-at="2017-02-23T12:50:13Z">
          <reporter-output>
          </reporter-output>
        </test-method> <!-- tearDown -->
        <test-method status="PASS" signature="setUp(boolean, java.lang.String, java.lang.String, java.lang.String, java.lang.String, java.lang.String, java.lang.String)[pri:0, instance:SearchItems.SearchItemsByDataProvider@b684286]" name="setUp" is-config="true" duration-ms="10312" started-at="2017-02-23T12:50:13Z" finished-at="2017-02-23T12:50:23Z">
          <params>
            <param index="0">
              <value>
                <![CDATA[false]]>
              </value>
            </param>
            <param index="1">
              <value>
                <![CDATA[rahmanww]]>
              </value>
            </param>
            <param index="2">
              <value>
                <![CDATA[6f132866-de72-43fd-b49a-e6f81d26bfe3]]>
              </value>
            </param>
            <param index="3">
              <value>
                <![CDATA[Win]]>
              </value>
            </param>
            <param index="4">
              <value>
                <![CDATA[chrome]]>
              </value>
            </param>
            <param index="5">
              <value>
                <![CDATA[49.0]]>
              </value>
            </param>
            <param index="6">
              <value>
                <![CDATA[http://www.amazon.com]]>
              </value>
            </param>
          </params>
          <reporter-output>
          </reporter-output>
        </test-method> <!-- setUp -->
        <test-method status="PASS" signature="searchUsingDataProvider(java.lang.String)[pri:0, instance:SearchItems.SearchItemsByDataProvider@b684286]" name="searchUsingDataProvider" duration-ms="10849" started-at="2017-02-23T12:50:23Z" data-provider="items" finished-at="2017-02-23T12:50:34Z">
          <params>
            <param index="0">
              <value>
                <![CDATA[Computer]]>
              </value>
            </param>
          </params>
          <reporter-output>
          </reporter-output>
        </test-method> <!-- searchUsingDataProvider -->
        <test-method status="PASS" signature="tearDown()[pri:0, instance:SearchItems.SearchItemsByDataProvider@b684286]" name="tearDown" is-config="true" duration-ms="1414" started-at="2017-02-23T12:50:34Z" finished-at="2017-02-23T12:50:36Z">
          <reporter-output>
          </reporter-output>
        </test-method> <!-- tearDown -->
      </class> <!-- SearchItems.SearchItemsByDataProvider -->
      <class name="SearchItems.SearchItemsByExcel">
        <test-method status="PASS" signature="setUp(boolean, java.lang.String, java.lang.String, java.lang.String, java.lang.String, java.lang.String, java.lang.String)[pri:0, instance:SearchItems.SearchItemsByExcel@7a79be86]" name="setUp" is-config="true" duration-ms="16908" started-at="2017-02-23T12:48:13Z" finished-at="2017-02-23T12:48:30Z">
          <params>
            <param index="0">
              <value>
                <![CDATA[false]]>
              </value>
            </param>
            <param index="1">
              <value>
                <![CDATA[rahmanww]]>
              </value>
            </param>
            <param index="2">
              <value>
                <![CDATA[6f132866-de72-43fd-b49a-e6f81d26bfe3]]>
              </value>
            </param>
            <param index="3">
              <value>
                <![CDATA[Win]]>
              </value>
            </param>
            <param index="4">
              <value>
                <![CDATA[chrome]]>
              </value>
            </param>
            <param index="5">
              <value>
                <![CDATA[49.0]]>
              </value>
            </param>
            <param index="6">
              <value>
                <![CDATA[http://www.amazon.com]]>
              </value>
            </param>
          </params>
          <reporter-output>
          </reporter-output>
        </test-method> <!-- setUp -->
        <test-method status="PASS" signature="search()[pri:0, instance:SearchItems.SearchItemsByExcel@7a79be86]" name="search" duration-ms="51394" started-at="2017-02-23T12:48:30Z" finished-at="2017-02-23T12:49:21Z">
          <reporter-output>
          </reporter-output>
        </test-method> <!-- search -->
        <test-method status="PASS" signature="tearDown()[pri:0, instance:SearchItems.SearchItemsByExcel@7a79be86]" name="tearDown" is-config="true" duration-ms="3371" started-at="2017-02-23T12:49:21Z" finished-at="2017-02-23T12:49:25Z">
          <reporter-output>
          </reporter-output>
        </test-method> <!-- tearDown -->
      </class> <!-- SearchItems.SearchItemsByExcel -->
      <class name="SearchItems.SearchItemsByDatabase">
        <test-method status="PASS" signature="setUp(boolean, java.lang.String, java.lang.String, java.lang.String, java.lang.String, java.lang.String, java.lang.String)[pri:0, instance:SearchItems.SearchItemsByDatabase@34ce8af7]" name="setUp" is-config="true" duration-ms="9845" started-at="2017-02-23T12:49:25Z" finished-at="2017-02-23T12:49:35Z">
          <params>
            <param index="0">
              <value>
                <![CDATA[false]]>
              </value>
            </param>
            <param index="1">
              <value>
                <![CDATA[rahmanww]]>
              </value>
            </param>
            <param index="2">
              <value>
                <![CDATA[6f132866-de72-43fd-b49a-e6f81d26bfe3]]>
              </value>
            </param>
            <param index="3">
              <value>
                <![CDATA[Win]]>
              </value>
            </param>
            <param index="4">
              <value>
                <![CDATA[chrome]]>
              </value>
            </param>
            <param index="5">
              <value>
                <![CDATA[49.0]]>
              </value>
            </param>
            <param index="6">
              <value>
                <![CDATA[http://www.amazon.com]]>
              </value>
            </param>
          </params>
          <reporter-output>
          </reporter-output>
        </test-method> <!-- setUp -->
        <test-method status="FAIL" signature="searchUsingDB()[pri:0, instance:SearchItems.SearchItemsByDatabase@34ce8af7]" name="searchUsingDB" duration-ms="154" started-at="2017-02-23T12:49:35Z" finished-at="2017-02-23T12:49:35Z">
          <exception class="java.io.FileNotFoundException">
            <message>
              <![CDATA[src\MySql.properties (The system cannot find the file specified)]]>
            </message>
            <full-stacktrace>
              <![CDATA[java.io.FileNotFoundException: src\MySql.properties (The system cannot find the file specified)
	at java.io.FileInputStream.open0(Native Method)
	at java.io.FileInputStream.open(FileInputStream.java:195)
	at java.io.FileInputStream.<init>(FileInputStream.java:138)
	at java.io.FileInputStream.<init>(FileInputStream.java:93)
	at utility.ConnectDB.loadProperties(ConnectDB.java:31)
	at utility.ConnectDB.connectToDatabase(ConnectDB.java:39)
	at utility.ConnectDB.readDataBase(ConnectDB.java:85)
	at SearchItems.SearchItemsByDatabase.searchUsingDB(SearchItemsByDatabase.java:22)
	at sun.reflect.NativeMethodAccessorImpl.invoke0(Native Method)
	at sun.reflect.NativeMethodAccessorImpl.invoke(NativeMethodAccessorImpl.java:62)
	at sun.reflect.DelegatingMethodAccessorImpl.invoke(DelegatingMethodAccessorImpl.java:43)
	at java.lang.reflect.Method.invoke(Method.java:498)
	at org.testng.internal.MethodInvocationHelper.invokeMethod(MethodInvocationHelper.java:104)
	at org.testng.internal.Invoker.invokeMethod(Invoker.java:645)
	at org.testng.internal.Invoker.invokeTestMethod(Invoker.java:851)
	at org.testng.internal.Invoker.invokeTestMethods(Invoker.java:1177)
	at org.testng.internal.TestMethodWorker.invokeTestMethods(TestMethodWorker.java:129)
	at org.testng.internal.TestMethodWorker.run(TestMethodWorker.java:112)
	at org.testng.TestRunner.privateRun(TestRunner.java:756)
	at org.testng.TestRunner.run(TestRunner.java:610)
	at org.testng.SuiteRunner.runTest(SuiteRunner.java:387)
	at org.testng.SuiteRunner.access$000(SuiteRunner.java:39)
	at org.testng.SuiteRunner$SuiteWorker.run(SuiteRunner.java:421)
	at org.testng.internal.thread.ThreadUtil$2.call(ThreadUtil.java:64)
	at java.util.concurrent.FutureTask.run(FutureTask.java:266)
	at java.util.concurrent.ThreadPoolExecutor.runWorker(ThreadPoolExecutor.java:1142)
	at java.util.concurrent.ThreadPoolExecutor$Worker.run(ThreadPoolExecutor.java:617)
	at java.lang.Thread.run(Thread.java:745)
]]>
            </full-stacktrace>
          </exception> <!-- java.io.FileNotFoundException -->
          <reporter-output>
          </reporter-output>
        </test-method> <!-- searchUsingDB -->
        <test-method status="PASS" signature="tearDown()[pri:0, instance:SearchItems.SearchItemsByDatabase@34ce8af7]" name="tearDown" is-config="true" duration-ms="1339" started-at="2017-02-23T12:49:35Z" finished-at="2017-02-23T12:49:36Z">
          <reporter-output>
          </reporter-output>
        </test-method> <!-- tearDown -->
      </class> <!-- SearchItems.SearchItemsByDatabase -->
    </test> <!-- Amazon Search -->
  </suite> <!-- Amazon E-Commerce -->
</testng-results>
